#
# There is insufficient memory for the Java Runtime Environment to continue.
# Native memory allocation (malloc) failed to allocate 1819120 bytes for Chunk::new
# Possible reasons:
#   The system is out of physical RAM or swap space
#   In 32 bit mode, the process size limit was hit
# Possible solutions:
#   Reduce memory load on the system
#   Increase physical memory or swap space
#   Check if swap backing store is full
#   Use 64 bit Java on a 64 bit OS
#   Decrease Java heap size (-Xmx/-Xms)
#   Decrease number of Java threads
#   Decrease Java thread stack sizes (-Xss)
#   Set larger code cache with -XX:ReservedCodeCacheSize=
# This output file may be truncated or incomplete.
#
#  Out of Memory Error (allocation.cpp:390), pid=4496, tid=0x00000000000019fc
#
# JRE version: OpenJDK Runtime Environment (8.0_152-b02) (build 1.8.0_152-release-1024-b02)
# Java VM: OpenJDK 64-Bit Server VM (25.152-b02 mixed mode windows-amd64 compressed oops)
# Failed to write core dump. Minidumps are not enabled by default on client versions of Windows
#

---------------  T H R E A D  ---------------

Current thread (0x00000000159bc000):  JavaThread "C2 CompilerThread1" daemon [_thread_in_native, id=6652, stack(0x0000000017100000,0x0000000017200000)]

Stack: [0x0000000017100000,0x0000000017200000]
[error occurred during error reporting (printing stack bounds), id 0xc0000005]

Native frames: (J=compiled Java code, j=interpreted, Vv=VM code, C=native code)


Current CompileTask:
C2:7196906 16513       4       org.gradle.api.internal.project.taskfactory.DefaultTaskClassValidatorExtractor::mergeDeclaredAnnotations (218 bytes)


---------------  P R O C E S S  ---------------

Java Threads: ( => current thread )
  0x000000001bee8800 JavaThread "build operations Thread 4" [_thread_blocked, id=11088, stack(0x0000000020380000,0x0000000020480000)]
  0x000000001beea000 JavaThread "build operations Thread 3" [_thread_blocked, id=7568, stack(0x000000001e410000,0x000000001e510000)]
  0x000000001beeb800 JavaThread "build operations Thread 2" [_thread_blocked, id=7360, stack(0x000000001da10000,0x000000001db10000)]
  0x000000001beeb000 JavaThread "build operations" [_thread_blocked, id=8580, stack(0x000000001d910000,0x000000001da10000)]
  0x000000001bee9800 JavaThread "Cache worker for Artifact transforms cache (C:\Users\LAKSHMI\.gradle\caches\transforms-1)" [_thread_blocked, id=9636, stack(0x000000001d130000,0x000000001d230000)]
  0x000000001bee5000 JavaThread "Cache worker for file hash cache (E:\mini\.gradle\4.4\fileHashes)" [_thread_blocked, id=4400, stack(0x000000001cb30000,0x000000001cc30000)]
  0x000000001bee5800 JavaThread "Stdin handler" [_thread_blocked, id=1840, stack(0x000000001c740000,0x000000001c840000)]
  0x000000001bee7000 JavaThread "Asynchronous log dispatcher for DefaultDaemonConnection: socket connection from /127.0.0.1:50693 to /127.0.0.1:58313" [_thread_blocked, id=6840, stack(0x000000001c640000,0x000000001c740000)]
  0x000000001bee8000 JavaThread "Daemon worker Thread 4" [_thread_in_Java, id=11180, stack(0x0000000019fa0000,0x000000001a0a0000)]
  0x000000001bee3800 JavaThread "Cancel handler" [_thread_blocked, id=5952, stack(0x0000000019ea0000,0x0000000019fa0000)]
  0x000000001bee4000 JavaThread "Handler for socket connection from /127.0.0.1:50693 to /127.0.0.1:58313" [_thread_in_native, id=7800, stack(0x0000000019da0000,0x0000000019ea0000)]
  0x000000001bee2800 JavaThread "Daemon Thread 4" [_thread_blocked, id=8476, stack(0x0000000019ca0000,0x0000000019da0000)]
  0x000000001a541800 JavaThread "Memory manager" [_thread_blocked, id=6856, stack(0x000000001e110000,0x000000001e210000)]
  0x0000000017c56000 JavaThread "File lock request listener" [_thread_in_native, id=8876, stack(0x000000001b370000,0x000000001b470000)]
  0x0000000015a15800 JavaThread "Cache worker for file hash cache (C:\Users\LAKSHMI\.gradle\caches\4.4\fileHashes)" [_thread_blocked, id=3444, stack(0x000000001b270000,0x000000001b370000)]
  0x00000000180c7800 JavaThread "Daemon periodic checks" [_thread_blocked, id=1716, stack(0x00000000197a0000,0x00000000198a0000)]
  0x00000000180c9800 JavaThread "Incoming local TCP Connector on port 50693" [_thread_in_native, id=4712, stack(0x00000000195b0000,0x00000000196b0000)]
  0x0000000017330800 JavaThread "Service Thread" daemon [_thread_blocked, id=10984, stack(0x0000000017700000,0x0000000017800000)]
  0x00000000159ea000 JavaThread "C1 CompilerThread2" daemon [_thread_blocked, id=96, stack(0x0000000017200000,0x0000000017300000)]
=>0x00000000159bc000 JavaThread "C2 CompilerThread1" daemon [_thread_in_native, id=6652, stack(0x0000000017100000,0x0000000017200000)]
  0x00000000159b8000 JavaThread "C2 CompilerThread0" daemon [_thread_blocked, id=3640, stack(0x0000000017000000,0x0000000017100000)]
  0x00000000159c7000 JavaThread "Attach Listener" daemon [_thread_blocked, id=288, stack(0x0000000016f00000,0x0000000017000000)]
  0x00000000159c4000 JavaThread "Signal Dispatcher" daemon [_thread_blocked, id=6464, stack(0x0000000016e00000,0x0000000016f00000)]
  0x00000000159a7000 JavaThread "Finalizer" daemon [_thread_blocked, id=5480, stack(0x0000000016c10000,0x0000000016d10000)]
  0x0000000002041000 JavaThread "Reference Handler" daemon [_thread_blocked, id=10464, stack(0x0000000016b10000,0x0000000016c10000)]
  0x00000000006cd800 JavaThread "main" [_thread_blocked, id=7468, stack(0x0000000001e50000,0x0000000001f50000)]

Other Threads:
  0x0000000015986000 VMThread [stack: 0x0000000016a10000,0x0000000016b10000] [id=8884]
  0x0000000015a1e000 WatcherThread [stack: 0x0000000017800000,0x0000000017900000] [id=8968]

VM state:not at safepoint (normal execution)

VM Mutex/Monitor currently owned by a thread: None

Heap:
 PSYoungGen      total 398848K, used 204287K [0x00000000e0000000, 0x00000000ff480000, 0x0000000100000000)
  eden space 388608K, 50% used [0x00000000e0000000,0x00000000ebdd2638,0x00000000f7b80000)
  from space 10240K, 96% used [0x00000000fea80000,0x00000000ff42d600,0x00000000ff480000)
  to   space 20480K, 0% used [0x00000000fcc80000,0x00000000fcc80000,0x00000000fe080000)
 ParOldGen       total 77312K, used 48255K [0x00000000a0000000, 0x00000000a4b80000, 0x00000000e0000000)
  object space 77312K, 62% used [0x00000000a0000000,0x00000000a2f1ff90,0x00000000a4b80000)
 Metaspace       used 79238K, capacity 82572K, committed 82776K, reserved 1122304K
  class space    used 10162K, capacity 10827K, committed 10880K, reserved 1048576K

Card table byte_map: [0x0000000011410000,0x0000000011720000] byte_map_base: 0x0000000010f10000

Marking Bits: (ParMarkBitMap*) 0x0000000077f84970
 Begin Bits: [0x0000000011d20000, 0x0000000013520000)
 End Bits:   [0x0000000013520000, 0x0000000014d20000)

Polling page: 0x00000000006b0000

CodeCache: size=245760Kb used=44851Kb max_used=44861Kb free=200908Kb
 bounds [0x0000000002050000, 0x0000000004c70000, 0x0000000011050000]
 total_blobs=13912 nmethods=13072 adapters=751
 compilation: enabled

Compilation events (10 events):
Event: 7191.609 Thread 0x00000000159ea000 16537       3       com.google.common.util.concurrent.SettableFuture::create (8 bytes)
Event: 7191.647 Thread 0x00000000159ea000 nmethod 16537 0x00000000040a8750 code [0x00000000040a88c0, 0x00000000040a8bb0]
Event: 7191.647 Thread 0x00000000159ea000 16538       3       com.google.common.util.concurrent.SettableFuture::<init> (5 bytes)
Event: 7191.648 Thread 0x00000000159ea000 nmethod 16538 0x00000000040a8250 code [0x00000000040a83c0, 0x00000000040a8630]
Event: 7191.648 Thread 0x00000000159ea000 16539       3       com.google.common.util.concurrent.AbstractFuture::afterDone (1 bytes)
Event: 7191.655 Thread 0x00000000159ea000 nmethod 16539 0x00000000040a7f10 code [0x00000000040a8060, 0x00000000040a81b0]
Event: 7191.679 Thread 0x00000000159ea000 16540       1       com.android.build.gradle.internal.core.Abi::getName (5 bytes)
Event: 7191.679 Thread 0x00000000159ea000 nmethod 16540 0x00000000040a7c50 code [0x00000000040a7da0, 0x00000000040a7eb0]
Event: 7191.822 Thread 0x00000000159ea000 16541       3       com.google.common.collect.ArrayListMultimap::entries (5 bytes)
Event: 7191.877 Thread 0x00000000159ea000 nmethod 16541 0x00000000040a6e90 code [0x00000000040a7060, 0x00000000040a7808]

GC Heap History (10 events):
Event: 235.736 GC heap before
{Heap before GC invocations=13 (full 2):
 PSYoungGen      total 292352K, used 37871K [0x00000000e0000000, 0x00000000f3680000, 0x0000000100000000)
  eden space 275456K, 7% used [0x00000000e0000000,0x00000000e14828f0,0x00000000f0d00000)
  from space 16896K, 99% used [0x00000000f2180000,0x00000000f31f9540,0x00000000f3200000)
  to   space 20992K, 0% used [0x00000000f0d00000,0x00000000f0d00000,0x00000000f2180000)
 ParOldGen       total 49152K, used 25390K [0x00000000a0000000, 0x00000000a3000000, 0x00000000e0000000)
  object space 49152K, 51% used [0x00000000a0000000,0x00000000a18cbb80,0x00000000a3000000)
 Metaspace       used 57214K, capacity 58966K, committed 59028K, reserved 1099776K
  class space    used 7759K, capacity 8188K, committed 8192K, reserved 1048576K
Event: 235.824 GC heap after
Heap after GC invocations=13 (full 2):
 PSYoungGen      total 296448K, used 3312K [0x00000000e0000000, 0x00000000fb980000, 0x0000000100000000)
  eden space 275456K, 0% used [0x00000000e0000000,0x00000000e0000000,0x00000000f0d00000)
  from space 20992K, 15% used [0x00000000f0d00000,0x00000000f103c010,0x00000000f2180000)
  to   space 20992K, 0% used [0x00000000fa500000,0x00000000fa500000,0x00000000fb980000)
 ParOldGen       total 49152K, used 42179K [0x00000000a0000000, 0x00000000a3000000, 0x00000000e0000000)
  object space 49152K, 85% used [0x00000000a0000000,0x00000000a2930f00,0x00000000a3000000)
 Metaspace       used 57214K, capacity 58966K, committed 59028K, reserved 1099776K
  class space    used 7759K, capacity 8188K, committed 8192K, reserved 1048576K
}
Event: 235.824 GC heap before
{Heap before GC invocations=14 (full 3):
 PSYoungGen      total 296448K, used 3312K [0x00000000e0000000, 0x00000000fb980000, 0x0000000100000000)
  eden space 275456K, 0% used [0x00000000e0000000,0x00000000e0000000,0x00000000f0d00000)
  from space 20992K, 15% used [0x00000000f0d00000,0x00000000f103c010,0x00000000f2180000)
  to   space 20992K, 0% used [0x00000000fa500000,0x00000000fa500000,0x00000000fb980000)
 ParOldGen       total 49152K, used 42179K [0x00000000a0000000, 0x00000000a3000000, 0x00000000e0000000)
  object space 49152K, 85% used [0x00000000a0000000,0x00000000a2930f00,0x00000000a3000000)
 Metaspace       used 57214K, capacity 58966K, committed 59028K, reserved 1099776K
  class space    used 7759K, capacity 8188K, committed 8192K, reserved 1048576K
Event: 236.166 GC heap after
Heap after GC invocations=14 (full 3):
 PSYoungGen      total 296448K, used 0K [0x00000000e0000000, 0x00000000fb980000, 0x0000000100000000)
  eden space 275456K, 0% used [0x00000000e0000000,0x00000000e0000000,0x00000000f0d00000)
  from space 20992K, 0% used [0x00000000f0d00000,0x00000000f0d00000,0x00000000f2180000)
  to   space 20992K, 0% used [0x00000000fa500000,0x00000000fa500000,0x00000000fb980000)
 ParOldGen       total 77312K, used 33241K [0x00000000a0000000, 0x00000000a4b80000, 0x00000000e0000000)
  object space 77312K, 42% used [0x00000000a0000000,0x00000000a2076790,0x00000000a4b80000)
 Metaspace       used 57214K, capacity 58966K, committed 59028K, reserved 1099776K
  class space    used 7759K, capacity 8188K, committed 8192K, reserved 1048576K
}
Event: 249.535 GC heap before
{Heap before GC invocations=15 (full 3):
 PSYoungGen      total 296448K, used 275027K [0x00000000e0000000, 0x00000000fb980000, 0x0000000100000000)
  eden space 275456K, 99% used [0x00000000e0000000,0x00000000f0c94e18,0x00000000f0d00000)
  from space 20992K, 0% used [0x00000000f0d00000,0x00000000f0d00000,0x00000000f2180000)
  to   space 20992K, 0% used [0x00000000fa500000,0x00000000fa500000,0x00000000fb980000)
 ParOldGen       total 77312K, used 33241K [0x00000000a0000000, 0x00000000a4b80000, 0x00000000e0000000)
  object space 77312K, 42% used [0x00000000a0000000,0x00000000a2076790,0x00000000a4b80000)
 Metaspace       used 63142K, capacity 65056K, committed 65240K, reserved 1105920K
  class space    used 8386K, capacity 8845K, committed 8960K, reserved 1048576K
Event: 249.565 GC heap after
Heap after GC invocations=15 (full 3):
 PSYoungGen      total 427008K, used 14174K [0x00000000e0000000, 0x00000000fb880000, 0x0000000100000000)
  eden space 407040K, 0% used [0x00000000e0000000,0x00000000e0000000,0x00000000f8d80000)
  from space 19968K, 70% used [0x00000000fa500000,0x00000000fb2d7a00,0x00000000fb880000)
  to   space 22016K, 0% used [0x00000000f8d80000,0x00000000f8d80000,0x00000000fa300000)
 ParOldGen       total 77312K, used 33249K [0x00000000a0000000, 0x00000000a4b80000, 0x00000000e0000000)
  object space 77312K, 43% used [0x00000000a0000000,0x00000000a2078790,0x00000000a4b80000)
 Metaspace       used 63142K, capacity 65056K, committed 65240K, reserved 1105920K
  class space    used 8386K, capacity 8845K, committed 8960K, reserved 1048576K
}
Event: 275.825 GC heap before
{Heap before GC invocations=16 (full 3):
 PSYoungGen      total 427008K, used 421214K [0x00000000e0000000, 0x00000000fb880000, 0x0000000100000000)
  eden space 407040K, 100% used [0x00000000e0000000,0x00000000f8d80000,0x00000000f8d80000)
  from space 19968K, 70% used [0x00000000fa500000,0x00000000fb2d7a00,0x00000000fb880000)
  to   space 22016K, 0% used [0x00000000f8d80000,0x00000000f8d80000,0x00000000fa300000)
 ParOldGen       total 77312K, used 33249K [0x00000000a0000000, 0x00000000a4b80000, 0x00000000e0000000)
  object space 77312K, 43% used [0x00000000a0000000,0x00000000a2078790,0x00000000a4b80000)
 Metaspace       used 74278K, capacity 77056K, committed 77272K, reserved 1116160K
  class space    used 9823K, capacity 10411K, committed 10496K, reserved 1048576K
Event: 275.881 GC heap after
Heap after GC invocations=16 (full 3):
 PSYoungGen      total 429056K, used 12697K [0x00000000e0000000, 0x0000000100000000, 0x0000000100000000)
  eden space 407040K, 0% used [0x00000000e0000000,0x00000000e0000000,0x00000000f8d80000)
  from space 22016K, 57% used [0x00000000f8d80000,0x00000000f99e6480,0x00000000fa300000)
  to   space 22016K, 0% used [0x00000000fea80000,0x00000000fea80000,0x0000000100000000)
 ParOldGen       total 77312K, used 44943K [0x00000000a0000000, 0x00000000a4b80000, 0x00000000e0000000)
  object space 77312K, 58% used [0x00000000a0000000,0x00000000a2be3e40,0x00000000a4b80000)
 Metaspace       used 74278K, capacity 77056K, committed 77272K, reserved 1116160K
  class space    used 9823K, capacity 10411K, committed 10496K, reserved 1048576K
}
Event: 6410.394 GC heap before
{Heap before GC invocations=17 (full 3):
 PSYoungGen      total 429056K, used 419737K [0x00000000e0000000, 0x0000000100000000, 0x0000000100000000)
  eden space 407040K, 100% used [0x00000000e0000000,0x00000000f8d80000,0x00000000f8d80000)
  from space 22016K, 57% used [0x00000000f8d80000,0x00000000f99e6480,0x00000000fa300000)
  to   space 22016K, 0% used [0x00000000fea80000,0x00000000fea80000,0x0000000100000000)
 ParOldGen       total 77312K, used 44943K [0x00000000a0000000, 0x00000000a4b80000, 0x00000000e0000000)
  object space 77312K, 58% used [0x00000000a0000000,0x00000000a2be3e40,0x00000000a4b80000)
 Metaspace       used 78511K, capacity 81766K, committed 82008K, reserved 1120256K
  class space    used 10104K, capacity 10764K, committed 10880K, reserved 1048576K
Event: 6433.564 GC heap after
Heap after GC invocations=17 (full 3):
 PSYoungGen      total 398848K, used 9909K [0x00000000e0000000, 0x00000000ff480000, 0x0000000100000000)
  eden space 388608K, 0% used [0x00000000e0000000,0x00000000e0000000,0x00000000f7b80000)
  from space 10240K, 96% used [0x00000000fea80000,0x00000000ff42d600,0x00000000ff480000)
  to   space 20480K, 0% used [0x00000000fcc80000,0x00000000fcc80000,0x00000000fe080000)
 ParOldGen       total 77312K, used 48255K [0x00000000a0000000, 0x00000000a4b80000, 0x00000000e0000000)
  object space 77312K, 62% used [0x00000000a0000000,0x00000000a2f1ff90,0x00000000a4b80000)
 Metaspace       used 78511K, capacity 81766K, committed 82008K, reserved 1120256K
  class space    used 10104K, capacity 10764K, committed 10880K, reserved 1048576K
}

Deoptimization events (10 events):
Event: 6552.690 Thread 0x000000001bee9800 Uncommon trap: reason=bimorphic action=maybe_recompile pc=0x00000000028e271c method=com.google.common.collect.Iterables.toArray(Ljava/lang/Iterable;[Ljava/lang/Object;)[Ljava/lang/Object; @ 7
Event: 6564.844 Thread 0x000000001bee9800 Uncommon trap: reason=bimorphic action=maybe_recompile pc=0x0000000003067350 method=com.google.common.collect.ImmutableMap.copyOf(Ljava/util/Map;)Lcom/google/common/collect/ImmutableMap; @ 49
Event: 6564.844 Thread 0x000000001bee9800 Uncommon trap: reason=bimorphic action=maybe_recompile pc=0x00000000028e271c method=com.google.common.collect.Iterables.toArray(Ljava/lang/Iterable;[Ljava/lang/Object;)[Ljava/lang/Object; @ 7
Event: 6564.846 Thread 0x000000001bee9800 Uncommon trap: reason=bimorphic action=maybe_recompile pc=0x0000000003067350 method=com.google.common.collect.ImmutableMap.copyOf(Ljava/util/Map;)Lcom/google/common/collect/ImmutableMap; @ 49
Event: 6564.846 Thread 0x000000001bee9800 Uncommon trap: reason=bimorphic action=maybe_recompile pc=0x00000000028e271c method=com.google.common.collect.Iterables.toArray(Ljava/lang/Iterable;[Ljava/lang/Object;)[Ljava/lang/Object; @ 7
Event: 6564.885 Thread 0x000000001bee9800 Uncommon trap: reason=bimorphic action=maybe_recompile pc=0x0000000003067350 method=com.google.common.collect.ImmutableMap.copyOf(Ljava/util/Map;)Lcom/google/common/collect/ImmutableMap; @ 49
Event: 6564.886 Thread 0x000000001bee9800 Uncommon trap: reason=bimorphic action=maybe_recompile pc=0x00000000028e271c method=com.google.common.collect.Iterables.toArray(Ljava/lang/Iterable;[Ljava/lang/Object;)[Ljava/lang/Object; @ 7
Event: 6564.911 Thread 0x000000001bee9800 Uncommon trap: reason=bimorphic action=maybe_recompile pc=0x0000000003508b34 method=com.google.common.collect.RegularImmutableMap.get(Ljava/lang/Object;[Lcom/google/common/collect/ImmutableMapEntry;I)Ljava/lang/Object; @ 11
Event: 6566.191 Thread 0x000000001bef1000 Uncommon trap: reason=unstable_if action=reinterpret pc=0x000000000379638c method=java.util.concurrent.locks.AbstractQueuedSynchronizer.enq(Ljava/util/concurrent/locks/AbstractQueuedSynchronizer$Node;)Ljava/util/concurrent/locks/AbstractQueuedSynchronizer
Event: 7190.081 Thread 0x000000001bee8000 Uncommon trap: reason=class_check action=maybe_recompile pc=0x000000000336a5f0 method=com.google.common.collect.AbstractMapBasedMultimap$WrappedCollection.refreshIfEmpty()V @ 40

Classes redefined (0 events):
No events

Internal exceptions (10 events):
Event: 6439.629 Thread 0x000000001bee9800 Exception <a 'sun/nio/fs/WindowsException'> (0x00000000e1380e40) thrown at [D:\src\AOSP-openjdk-cygwin\jdk8u\hotspot\src\share\vm\prims\jni.cpp, line 709]
Event: 6439.633 Thread 0x000000001bee9800 Exception <a 'sun/nio/fs/WindowsException'> (0x00000000e138b828) thrown at [D:\src\AOSP-openjdk-cygwin\jdk8u\hotspot\src\share\vm\prims\jni.cpp, line 709]
Event: 6439.637 Thread 0x000000001bee9800 Exception <a 'sun/nio/fs/WindowsException'> (0x00000000e13975f0) thrown at [D:\src\AOSP-openjdk-cygwin\jdk8u\hotspot\src\share\vm\prims\jni.cpp, line 709]
Event: 6439.670 Thread 0x000000001a543800 Exception <a 'sun/nio/fs/WindowsException'> (0x00000000e1358220) thrown at [D:\src\AOSP-openjdk-cygwin\jdk8u\hotspot\src\share\vm\prims\jni.cpp, line 709]
Event: 6440.561 Thread 0x000000001a542000 Exception <a 'sun/nio/fs/WindowsException'> (0x00000000e15799b8) thrown at [D:\src\AOSP-openjdk-cygwin\jdk8u\hotspot\src\share\vm\prims\jni.cpp, line 709]
Event: 6440.922 Thread 0x000000001a543800 Exception <a 'sun/nio/fs/WindowsException'> (0x00000000e1bb6968) thrown at [D:\src\AOSP-openjdk-cygwin\jdk8u\hotspot\src\share\vm\prims\jni.cpp, line 709]
Event: 6440.927 Thread 0x000000001bee9800 Exception <a 'sun/nio/fs/WindowsException'> (0x00000000e139dcc8) thrown at [D:\src\AOSP-openjdk-cygwin\jdk8u\hotspot\src\share\vm\prims\jni.cpp, line 709]
Event: 6442.004 Thread 0x000000001a542000 Exception <a 'sun/nio/fs/WindowsException'> (0x00000000e221ac48) thrown at [D:\src\AOSP-openjdk-cygwin\jdk8u\hotspot\src\share\vm\prims\jni.cpp, line 709]
Event: 6552.449 Thread 0x000000001bee9800 Exception <a 'java/lang/NoSuchMethodError': java.lang.Object.lambda$asRunnable$0(Lcom/android/apkzlib/utils/IOExceptionRunnable;)V> (0x00000000e9a46118) thrown at [D:\src\AOSP-openjdk-cygwin\jdk8u\hotspot\src\share\vm\interpreter\linkResolver.cpp, line 58
Event: 7185.206 Thread 0x000000001bee8000 Exception <a 'sun/nio/fs/WindowsException'> (0x00000000eba61928) thrown at [D:\src\AOSP-openjdk-cygwin\jdk8u\hotspot\src\share\vm\prims\jni.cpp, line 709]

Events (10 events):
Event: 7183.792 Executing VM operation: RevokeBias
Event: 7183.792 Executing VM operation: RevokeBias done
Event: 7183.792 Executing VM operation: BulkRevokeBias
Event: 7183.793 Executing VM operation: BulkRevokeBias done
Event: 7186.501 Thread 0x00000000159ea000 flushing nmethod 0x0000000003b6e790
Event: 7187.167 Executing VM operation: RevokeBias
Event: 7187.167 Executing VM operation: RevokeBias done
Event: 7190.081 Thread 0x000000001bee8000 Uncommon trap: trap_request=0xffffffde fr.pc=0x000000000336a5f0
Event: 7190.081 Thread 0x000000001bee8000 DEOPT PACKING pc=0x000000000336a5f0 sp=0x000000001a09bf60
Event: 7190.081 Thread 0x000000001bee8000 DEOPT UNPACKING pc=0x000000000209557b sp=0x000000001a09bf10 mode 2


Dynamic libraries:
0x00007ff7f3360000 - 0x00007ff7f3391000 	E:\android studio\jre\bin\java.exe
0x00007ffe11cf0000 - 0x00007ffe11e9d000 	C:\Windows\SYSTEM32\ntdll.dll
0x00007ffe0f930000 - 0x00007ffe0fa6e000 	C:\Windows\system32\KERNEL32.DLL
0x00007ffe0f260000 - 0x00007ffe0f376000 	C:\Windows\system32\KERNELBASE.dll
0x00007ffe11c40000 - 0x00007ffe11cea000 	C:\Windows\system32\ADVAPI32.dll
0x00007ffe11580000 - 0x00007ffe116f7000 	C:\Windows\system32\USER32.dll
0x00007ffe0c7f0000 - 0x00007ffe0ca6b000 	C:\Windows\WinSxS\amd64_microsoft.windows.common-controls_6595b64144ccf1df_6.0.9600.18006_none_623f33d3ecbe86e8\COMCTL32.dll
0x00007ffe0f5a0000 - 0x00007ffe0f64a000 	C:\Windows\system32\msvcrt.dll
0x00007ffe11be0000 - 0x00007ffe11c39000 	C:\Windows\SYSTEM32\sechost.dll
0x00007ffe0fb10000 - 0x00007ffe0fc50000 	C:\Windows\system32\RPCRT4.dll
0x00007ffe11760000 - 0x00007ffe118ab000 	C:\Windows\system32\GDI32.dll
0x00007ffe0eef0000 - 0x00007ffe0ef1e000 	C:\Windows\system32\SspiCli.dll
0x00007ffe11b30000 - 0x00007ffe11b66000 	C:\Windows\system32\IMM32.DLL
0x00007ffe0f650000 - 0x00007ffe0f7a1000 	C:\Windows\system32\MSCTF.dll
0x0000000050000000 - 0x00000000500d2000 	E:\android studio\jre\jre\bin\msvcr100.dll
0x00000000777c0000 - 0x0000000077fff000 	E:\android studio\jre\jre\bin\server\jvm.dll
0x00007ffe051e0000 - 0x00007ffe051e9000 	C:\Windows\SYSTEM32\WSOCK32.dll
0x00007ffe0aca0000 - 0x00007ffe0acc2000 	C:\Windows\SYSTEM32\WINMM.dll
0x00007ffe08f10000 - 0x00007ffe08f1a000 	C:\Windows\SYSTEM32\VERSION.dll
0x00007ffe111e0000 - 0x00007ffe111e7000 	C:\Windows\system32\PSAPI.DLL
0x00007ffe11b80000 - 0x00007ffe11bda000 	C:\Windows\system32\WS2_32.dll
0x00007ffe0aba0000 - 0x00007ffe0abca000 	C:\Windows\SYSTEM32\WINMMBASE.dll
0x00007ffe11b70000 - 0x00007ffe11b79000 	C:\Windows\system32\NSI.dll
0x00007ffe0f160000 - 0x00007ffe0f1af000 	C:\Windows\SYSTEM32\cfgmgr32.dll
0x00007ffe0dc50000 - 0x00007ffe0dc78000 	C:\Windows\SYSTEM32\DEVOBJ.dll
0x00007ffe0ccf0000 - 0x00007ffe0ccff000 	E:\android studio\jre\jre\bin\verify.dll
0x00007ffdf81e0000 - 0x00007ffdf8209000 	E:\android studio\jre\jre\bin\java.dll
0x00007ffe06100000 - 0x00007ffe06116000 	E:\android studio\jre\jre\bin\zip.dll
0x00007ffe0fcb0000 - 0x00007ffe111dc000 	C:\Windows\system32\SHELL32.dll
0x00007ffe0f380000 - 0x00007ffe0f592000 	C:\Windows\SYSTEM32\combase.dll
0x00007ffe0fc50000 - 0x00007ffe0fca4000 	C:\Windows\system32\SHLWAPI.dll
0x00007ffe0d450000 - 0x00007ffe0d502000 	C:\Windows\SYSTEM32\SHCORE.dll
0x00007ffe0ee20000 - 0x00007ffe0ee35000 	C:\Windows\SYSTEM32\profapi.dll
0x00007ffe05f30000 - 0x00007ffe05f4a000 	E:\android studio\jre\jre\bin\net.dll
0x00007ffe0e740000 - 0x00007ffe0e799000 	C:\Windows\system32\mswsock.dll
0x00007ffe00230000 - 0x00007ffe00241000 	E:\android studio\jre\jre\bin\nio.dll
0x00007ffe06220000 - 0x00007ffe0623e000 	C:\Users\LAKSHMI\.gradle\native\25\windows-amd64\native-platform.dll
0x00007ffe0c4d0000 - 0x00007ffe0c4dd000 	E:\android studio\jre\jre\bin\management.dll
0x00007ffe0e7c0000 - 0x00007ffe0e7e0000 	C:\Windows\SYSTEM32\CRYPTSP.dll
0x00007ffe0e240000 - 0x00007ffe0e276000 	C:\Windows\system32\rsaenh.dll
0x00007ffe0e900000 - 0x00007ffe0e926000 	C:\Windows\SYSTEM32\bcrypt.dll
0x00007ffe0e710000 - 0x00007ffe0e731000 	C:\Windows\SYSTEM32\USERENV.dll
0x00007ffe0ec20000 - 0x00007ffe0ec83000 	C:\Windows\system32\bcryptprimitives.dll
0x00007ffe0ec90000 - 0x00007ffe0ec9b000 	C:\Windows\SYSTEM32\CRYPTBASE.dll
0x00007ffe0a470000 - 0x00007ffe0a49a000 	C:\Windows\SYSTEM32\IPHLPAPI.DLL
0x00007ffe0a380000 - 0x00007ffe0a38a000 	C:\Windows\SYSTEM32\WINNSI.DLL
0x00007ffe08990000 - 0x00007ffe089a6000 	C:\Windows\SYSTEM32\dhcpcsvc6.DLL
0x00007ffe08ad0000 - 0x00007ffe08aea000 	C:\Windows\SYSTEM32\dhcpcsvc.DLL

VM Arguments:
jvm_args: -Xmx1536m -Dfile.encoding=windows-1252 -Duser.country=IN -Duser.language=en -Duser.variant 
java_command: org.gradle.launcher.daemon.bootstrap.GradleDaemon 4.4
java_class_path (initial): C:\Users\LAKSHMI\.gradle\wrapper\dists\gradle-4.4-all\9br9xq1tocpiv8o6njlyu5op1\gradle-4.4\lib\gradle-launcher-4.4.jar
Launcher Type: SUN_STANDARD

Environment Variables:
PATH=C:\ProgramData\Oracle\Java\javapath;c:\Program Files (x86)\Intel\iCLS Client\;c:\Program Files\Intel\iCLS Client\;C:\Windows\system32;C:\Windows;C:\Windows\System32\Wbem;C:\Windows\System32\WindowsPowerShell\v1.0\;C:\Program Files\Intel\WiFi\bin\;C:\Program Files\Common Files\Intel\WirelessCommon\;C:\Program Files (x86)\Windows Live\Shared;C:\Program Files\Intel\Intel(R) Management Engine Components\DAL;C:\Program Files\Intel\Intel(R) Management Engine Components\IPT;C:\Program Files (x86)\Intel\Intel(R) Management Engine Components\DAL;C:\Program Files (x86)\Intel\Intel(R) Management Engine Components\IPT
USERNAME=LAKSHMI
OS=Windows_NT
PROCESSOR_IDENTIFIER=Intel64 Family 6 Model 69 Stepping 1, GenuineIntel



---------------  S Y S T E M  ---------------

OS: Windows 8.1 , 64 bit Build 9600 (6.3.9600.17415)

CPU:total 4 (initial active 4) (2 cores per cpu, 2 threads per core) family 6 model 69 stepping 1, cmov, cx8, fxsr, mmx, sse, sse2, sse3, ssse3, sse4.1, sse4.2, popcnt, avx, avx2, aes, clmul, erms, lzcnt, ht, tsc, tscinvbit, bmi1, bmi2

Memory: 4k page, physical 6169560k(234288k free), swap 9315288k(23128k free)

vm_info: OpenJDK 64-Bit Server VM (25.152-b02) for windows-amd64 JRE (1.8.0_152-release-1024-b02), built by "builder" with MS VC++ 10.0 (VS2010)

time: Thu May 24 17:23:10 2018
elapsed time: 7196 seconds (0d 1h 59m 56s)

